<?xml version="1.0" encoding="utf-8"?><testsuites name="pytest tests"><testsuite name="pytest" errors="0" failures="0" skipped="0" tests="18" time="11.195" timestamp="2026-08-10T11:06:01.430278+00:00" hostname="agent-env-c87f4d2f-ab1c-41ef-84de-056029100c2f"><testcase classname="tests.test_sfr_backend" name="test_login_success" time="0.503" /><testcase classname="tests.test_sfr_backend" name="test_login_with_email" time="0.337" /><testcase classname="tests.test_sfr_backend" name="test_login_wrong_password" time="0.426" /><testcase classname="tests.test_sfr_backend" name="test_me_requires_auth" time="0.089" /><testcase classname="tests.test_sfr_backend" name="test_me_ok" time="0.444" /><testcase classname="tests.test_sfr_backend" name="test_forgot_password_returns_generic" time="0.703" /><testcase classname="tests.test_sfr_backend" name="test_forgot_password_unknown_email_still_200" time="0.096" /><testcase classname="tests.test_sfr_backend" name="test_forgot_identifier_ok" time="0.392" /><testcase classname="tests.test_sfr_backend" name="test_reset_password_mismatch_len" time="0.090" /><testcase classname="tests.test_sfr_backend" name="test_reset_password_valid_token_flow" time="6.041" /><testcase classname="tests.test_sfr_backend" name="test_list_invoices" time="0.077" /><testcase classname="tests.test_sfr_backend" name="test_invoices_require_auth" time="0.073" /><testcase classname="tests.test_sfr_backend" name="test_payment_luhn_invalid" time="0.165" /><testcase classname="tests.test_sfr_backend" name="test_payment_bad_expiry" time="0.102" /><testcase classname="tests.test_sfr_backend" name="test_payment_bad_cvv" time="0.077" /><testcase classname="tests.test_sfr_backend" name="test_payment_failure_card" time="0.155" /><testcase classname="tests.test_sfr_backend" name="test_payment_success_and_receipt" time="0.430" /><testcase classname="tests.test_sfr_backend" name="test_get_payment_by_id" time="0.159" /></testsuite></testsuites>