<?xml version="1.0" encoding="utf-8"?><testsuites name="pytest tests"><testsuite name="pytest" errors="0" failures="0" skipped="0" tests="21" time="6.730" timestamp="2026-08-10T15:29:34.971291+00:00" hostname="agent-env-c87f4d2f-ab1c-41ef-84de-056029100c2f"><testcase classname="tests.test_sfr_backend" name="test_login_success" time="0.466" /><testcase classname="tests.test_sfr_backend" name="test_login_with_email" time="0.319" /><testcase classname="tests.test_sfr_backend" name="test_login_wrong_password" time="0.328" /><testcase classname="tests.test_sfr_backend" name="test_me_requires_auth" time="0.082" /><testcase classname="tests.test_sfr_backend" name="test_me_ok" time="0.402" /><testcase classname="tests.test_sfr_backend" name="test_forgot_password_returns_generic" time="0.551" /><testcase classname="tests.test_sfr_backend" name="test_forgot_password_unknown_email_still_200" time="0.074" /><testcase classname="tests.test_sfr_backend" name="test_forgot_identifier_ok" time="0.456" /><testcase classname="tests.test_sfr_backend" name="test_reset_password_mismatch_len" time="0.106" /><testcase classname="tests.test_sfr_backend" name="test_reset_password_valid_token_flow" time="0.897" /><testcase classname="tests.test_sfr_backend" name="test_list_invoices" time="0.107" /><testcase classname="tests.test_sfr_backend" name="test_invoices_require_auth" time="0.089" /><testcase classname="tests.test_sfr_backend" name="test_payment_luhn_invalid" time="0.181" /><testcase classname="tests.test_sfr_backend" name="test_payment_bad_expiry" time="0.080" /><testcase classname="tests.test_sfr_backend" name="test_payment_bad_cvv" time="0.087" /><testcase classname="tests.test_sfr_backend" name="test_payment_failure_card" time="0.177" /><testcase classname="tests.test_sfr_backend" name="test_payment_success_and_receipt" time="0.436" /><testcase classname="tests.test_sfr_backend" name="test_get_payment_by_id" time="0.196" /><testcase classname="tests.test_sfr_backend" name="test_invoice_detail_has_failure_fields" time="0.260" /><testcase classname="tests.test_sfr_backend" name="test_facture_pdf_ok" time="0.173" /><testcase classname="tests.test_sfr_backend" name="test_facture_pdf_requires_auth" time="0.160" /></testsuite></testsuites>